<?xml version="1.0" encoding="UTF-8"?>
<!-- Generated by org.testng.reporters.JUnitXMLReporter -->
<testsuite ignored="0" hostname="DESKTOP-855BLG6" failures="0" tests="3" name="Test1" time="93.921" errors="0" timestamp="2023-08-26T14:44:39 IST">
  <testcase classname="testPackage.PolicyBazzarTestClass" name="loginToPolicyBazzar" time="34.783"/>
  <testcase classname="testPackage.PolicyBazzarTestClass" name="validateUsername" time="6.225"/>
  <testcase classname="testPackage.PolicyBazzarTestClass" name="logoutFrompolicyBazzar" time="2.228"/>
</testsuite> <!-- Test1 -->
