<?xml version="1.0" encoding="UTF-8"?>
<!-- Generated by org.testng.reporters.JUnitXMLReporter -->
<testsuite ignored="0" hostname="DESKTOP-855BLG6" failures="0" tests="3" name="Test2" time="76.722" errors="0" timestamp="2023-08-26T14:45:56 IST">
  <testcase classname="testPackage.PolicyBazzarTestClass" name="loginToPolicyBazzar" time="36.515"/>
  <testcase classname="testPackage.PolicyBazzarTestClass" name="validateUsername" time="6.159"/>
  <testcase classname="testPackage.PolicyBazzarTestClass" name="logoutFrompolicyBazzar" time="1.503"/>
</testsuite> <!-- Test2 -->
