<?xml version="1.0" encoding="UTF-8"?>
<testng-results ignored="0" total="6" passed="6" failed="0" skipped="0">
  <reporter-output>
  </reporter-output>
  <suite started-at="2023-08-26T14:43:05 IST" name="Suite" finished-at="2023-08-26T14:45:56 IST" duration-ms="170719">
    <groups>
    </groups>
    <test started-at="2023-08-26T14:43:05 IST" name="Test1" finished-at="2023-08-26T14:44:39 IST" duration-ms="93921">
      <class name="testPackage.PolicyBazzarTestClass">
        <test-method is-config="true" signature="beforeTest(java.lang.String)[pri:0, instance:testPackage.PolicyBazzarTestClass@5b239d7d]" started-at="2023-08-26T14:43:05 IST" name="beforeTest" finished-at="2023-08-26T14:43:44 IST" duration-ms="39071" status="PASS">
          <params>
            <param index="0">
              <value>
                <![CDATA[Firefox]]>
              </value>
            </param>
          </params>
          <reporter-output>
          </reporter-output>
        </test-method> <!-- beforeTest -->
        <test-method is-config="true" signature="beforeClass()[pri:0, instance:testPackage.PolicyBazzarTestClass@5b239d7d]" started-at="2023-08-26T14:43:44 IST" name="beforeClass" finished-at="2023-08-26T14:43:44 IST" duration-ms="215" status="PASS">
          <reporter-output>
          </reporter-output>
        </test-method> <!-- beforeClass -->
        <test-method signature="loginToPolicyBazzar()[pri:1, instance:testPackage.PolicyBazzarTestClass@5b239d7d]" started-at="2023-08-26T14:43:44 IST" name="loginToPolicyBazzar" finished-at="2023-08-26T14:44:19 IST" duration-ms="34783" status="PASS">
          <reporter-output>
          </reporter-output>
        </test-method> <!-- loginToPolicyBazzar -->
        <test-method signature="validateUsername()[pri:2, instance:testPackage.PolicyBazzarTestClass@5b239d7d]" started-at="2023-08-26T14:44:19 IST" name="validateUsername" finished-at="2023-08-26T14:44:26 IST" duration-ms="6225" status="PASS">
          <reporter-output>
          </reporter-output>
        </test-method> <!-- validateUsername -->
        <test-method signature="logoutFrompolicyBazzar()[pri:3, instance:testPackage.PolicyBazzarTestClass@5b239d7d]" started-at="2023-08-26T14:44:26 IST" name="logoutFrompolicyBazzar" finished-at="2023-08-26T14:44:28 IST" duration-ms="2228" status="PASS">
          <reporter-output>
          </reporter-output>
        </test-method> <!-- logoutFrompolicyBazzar -->
        <test-method is-config="true" signature="afterTest()[pri:0, instance:testPackage.PolicyBazzarTestClass@5b239d7d]" started-at="2023-08-26T14:44:28 IST" name="afterTest" finished-at="2023-08-26T14:44:39 IST" duration-ms="11127" status="PASS">
          <reporter-output>
          </reporter-output>
        </test-method> <!-- afterTest -->
      </class> <!-- testPackage.PolicyBazzarTestClass -->
    </test> <!-- Test1 -->
    <test started-at="2023-08-26T14:44:39 IST" name="Test2" finished-at="2023-08-26T14:45:56 IST" duration-ms="76722">
      <class name="testPackage.PolicyBazzarTestClass">
        <test-method is-config="true" signature="beforeTest(java.lang.String)[pri:0, instance:testPackage.PolicyBazzarTestClass@38d8f54a]" started-at="2023-08-26T14:44:39 IST" name="beforeTest" finished-at="2023-08-26T14:45:10 IST" duration-ms="30979" status="PASS">
          <params>
            <param index="0">
              <value>
                <![CDATA[Edge]]>
              </value>
            </param>
          </params>
          <reporter-output>
          </reporter-output>
        </test-method> <!-- beforeTest -->
        <test-method is-config="true" signature="beforeClass()[pri:0, instance:testPackage.PolicyBazzarTestClass@38d8f54a]" started-at="2023-08-26T14:45:10 IST" name="beforeClass" finished-at="2023-08-26T14:45:10 IST" duration-ms="4" status="PASS">
          <reporter-output>
          </reporter-output>
        </test-method> <!-- beforeClass -->
        <test-method signature="loginToPolicyBazzar()[pri:1, instance:testPackage.PolicyBazzarTestClass@38d8f54a]" started-at="2023-08-26T14:45:10 IST" name="loginToPolicyBazzar" finished-at="2023-08-26T14:45:46 IST" duration-ms="36515" status="PASS">
          <reporter-output>
          </reporter-output>
        </test-method> <!-- loginToPolicyBazzar -->
        <test-method signature="validateUsername()[pri:2, instance:testPackage.PolicyBazzarTestClass@38d8f54a]" started-at="2023-08-26T14:45:46 IST" name="validateUsername" finished-at="2023-08-26T14:45:53 IST" duration-ms="6159" status="PASS">
          <reporter-output>
          </reporter-output>
        </test-method> <!-- validateUsername -->
        <test-method signature="logoutFrompolicyBazzar()[pri:3, instance:testPackage.PolicyBazzarTestClass@38d8f54a]" started-at="2023-08-26T14:45:53 IST" name="logoutFrompolicyBazzar" finished-at="2023-08-26T14:45:54 IST" duration-ms="1503" status="PASS">
          <reporter-output>
          </reporter-output>
        </test-method> <!-- logoutFrompolicyBazzar -->
        <test-method is-config="true" signature="afterTest()[pri:0, instance:testPackage.PolicyBazzarTestClass@38d8f54a]" started-at="2023-08-26T14:45:54 IST" name="afterTest" finished-at="2023-08-26T14:45:56 IST" duration-ms="1546" status="PASS">
          <reporter-output>
          </reporter-output>
        </test-method> <!-- afterTest -->
      </class> <!-- testPackage.PolicyBazzarTestClass -->
    </test> <!-- Test2 -->
  </suite> <!-- Suite -->
</testng-results>
